<?xml version="1.0" encoding="UTF-8"?>
<!-- Generated by org.testng.reporters.JUnitXMLReporter -->
<testsuite ignored="0" hostname="Jhanvi" failures="2" tests="15" name="Surefire test" time="145.763" errors="0" timestamp="2024-07-08T09:23:09 EDT">
  <testcase classname="com.CRM.qa.testcases.ContactsPageTest" name="checkNoOfContcts" time="0.013"/>
  <testcase classname="com.CRM.qa.testcases.ContactsPageTest" name="createbuttonPresenceTest" time="0.03"/>
  <testcase classname="com.CRM.qa.testcases.ContactsPageTest" name="pageTitleTest" time="0.019"/>
  <testcase classname="com.CRM.qa.testcases.ContactsPageTest" name="validateCreateNewContact" time="0.944"/>
  <testcase classname="com.CRM.qa.testcases.ContactsPageTest" name="validateCreateNewContact" time="0.926"/>
  <testcase classname="com.CRM.qa.testcases.ContactsPageTest" name="validateCreateNewContact" time="0.907"/>
  <testcase classname="com.CRM.qa.testcases.ContactsPageTest" name="validateCreateNewContact" time="0.932"/>
  <testcase classname="com.CRM.qa.testcases.ContactsPageTest" name="validateCreateNewContact" time="0.851"/>
  <testcase classname="com.CRM.qa.testcases.CRMPageTest" name="imgTest" time="0.071"/>
  <testcase classname="com.CRM.qa.testcases.CRMPageTest" name="openLoginPageTest" time="1.72"/>
  <testcase classname="com.CRM.qa.testcases.CRMPageTest" name="openSignupPageTest" time="1.016"/>
  <testcase classname="com.CRM.qa.testcases.CRMPageTest" name="pageTitleTest" time="0.027">
    <failure type="java.lang.AssertionError" message="expected [#1 Free CRM Power Up your Entire Business Free Forever] but found [#1 Free CRM Power Up your Entire Business Free Forever customer relationship management]">
      <![CDATA[java.lang.AssertionError: expected [#1 Free CRM Power Up your Entire Business Free Forever] but found [#1 Free CRM Power Up your Entire Business Free Forever customer relationship management]
at com.CRM.qa.testcases.CRMPageTest.pageTitleTest(CRMPageTest.java:33)
at java.base/java.util.ArrayList.forEach(ArrayList.java:1541)
... Removed 38 stack frames]]>
    </failure>
  </testcase> <!-- pageTitleTest -->
  <testcase classname="com.CRM.qa.testcases.LoginPageTest" name="pageTitletest" time="0.003">
    <failure type="java.lang.AssertionError" message="expected [ CRM] but found [Cogmento CRM]">
      <![CDATA[java.lang.AssertionError: expected [ CRM] but found [Cogmento CRM]
at com.CRM.qa.testcases.LoginPageTest.pageTitletest(LoginPageTest.java:37)
at java.base/java.util.ArrayList.forEach(ArrayList.java:1541)
... Removed 38 stack frames]]>
    </failure>
  </testcase> <!-- pageTitletest -->
  <testcase classname="com.CRM.qa.testcases.SignupPageTest" name="pageTitleTest" time="0.003"/>
  <testcase classname="com.CRM.qa.testcases.SignupPageTest" name="openLoginPageTest" time="1.292"/>
</testsuite> <!-- Surefire test -->
