<?xml version="1.0" encoding="UTF-8"?>
<!-- Generated by org.testng.reporters.JUnitXMLReporter -->
<testsuite ignored="0" hostname="Jhanvi" failures="2" tests="18" name="CRMTest" time="628.09" errors="0" timestamp="2024-07-03T17:36:41 EDT">
  <testcase classname="com.CRM.qa.testcases.LoginPageTest" name="pageTitletest" time="0.075">
    <failure type="java.lang.AssertionError" message="expected [ CRM] but found [Cogmento CRM]">
      <![CDATA[java.lang.AssertionError: expected [ CRM] but found [Cogmento CRM]
at com.CRM.qa.testcases.LoginPageTest.pageTitletest(LoginPageTest.java:37)
at java.base/java.util.ArrayList.forEach(ArrayList.java:1511)
... Removed 33 stack frames]]>
    </failure>
  </testcase> <!-- pageTitletest -->
  <testcase classname="com.CRM.qa.testcases.CRMPageTest" name="imgTest" time="0.066"/>
  <testcase classname="com.CRM.qa.testcases.CRMPageTest" name="openLoginPageTest" time="1.633"/>
  <testcase classname="com.CRM.qa.testcases.CRMPageTest" name="openSignupPageTest" time="1.042"/>
  <testcase classname="com.CRM.qa.testcases.CRMPageTest" name="pageTitleTest" time="0.01">
    <failure type="java.lang.AssertionError" message="expected [#1 Free CRM Power Up your Entire Business Free Forever] but found [#1 Free CRM Power Up your Entire Business Free Forever customer relationship management]">
      <![CDATA[java.lang.AssertionError: expected [#1 Free CRM Power Up your Entire Business Free Forever] but found [#1 Free CRM Power Up your Entire Business Free Forever customer relationship management]
at com.CRM.qa.testcases.CRMPageTest.pageTitleTest(CRMPageTest.java:33)
at java.base/java.util.ArrayList.forEach(ArrayList.java:1511)
... Removed 33 stack frames]]>
    </failure>
  </testcase> <!-- pageTitleTest -->
  <testcase classname="com.CRM.qa.testcases.HomePagetest" name="accountUserVerificationtest" time="0.017"/>
  <testcase classname="com.CRM.qa.testcases.HomePagetest" name="openContactsPageTest" time="0.269"/>
  <testcase classname="com.CRM.qa.testcases.HomePagetest" name="pageTitleTest" time="0.008"/>
  <testcase classname="com.CRM.qa.testcases.ContactsPageTest" name="checkNoOfContcts" time="0.012"/>
  <testcase classname="com.CRM.qa.testcases.ContactsPageTest" name="createbuttonPresenceTest" time="0.018"/>
  <testcase classname="com.CRM.qa.testcases.ContactsPageTest" name="pageTitleTest" time="0.004"/>
  <testcase classname="com.CRM.qa.testcases.ContactsPageTest" name="validateCreateNewContact" time="0.879"/>
  <testcase classname="com.CRM.qa.testcases.ContactsPageTest" name="validateCreateNewContact" time="0.853"/>
  <testcase classname="com.CRM.qa.testcases.ContactsPageTest" name="validateCreateNewContact" time="0.849"/>
  <testcase classname="com.CRM.qa.testcases.ContactsPageTest" name="validateCreateNewContact" time="0.816"/>
  <testcase classname="com.CRM.qa.testcases.ContactsPageTest" name="validateCreateNewContact" time="0.815"/>
  <testcase classname="com.CRM.qa.testcases.SignupPageTest" name="pageTitleTest" time="0.005"/>
  <testcase classname="com.CRM.qa.testcases.SignupPageTest" name="openLoginPageTest" time="1.417"/>
</testsuite> <!-- CRMTest -->
