<html>
<head>
<title>TestNG:  CRMTest</title>
<link href="../testng.css" rel="stylesheet" type="text/css" />
<link href="../my-testng.css" rel="stylesheet" type="text/css" />

<style type="text/css">
.log { display: none;} 
.stack-trace { display: none;} 
</style>
<script type="text/javascript">
<!--
function flip(e) {
  current = e.style.display;
  if (current == 'block') {
    e.style.display = 'none';
    return 0;
  }
  else {
    e.style.display = 'block';
    return 1;
  }
}

function toggleBox(szDivId, elem, msg1, msg2)
{
  var res = -1;  if (document.getElementById) {
    res = flip(document.getElementById(szDivId));
  }
  else if (document.all) {
    // this is the way old msie versions work
    res = flip(document.all[szDivId]);
  }
  if(elem) {
    if(res == 0) elem.innerHTML = msg1; else elem.innerHTML = msg2;
  }

}

function toggleAllBoxes() {
  if (document.getElementsByTagName) {
    d = document.getElementsByTagName('div');
    for (i = 0; i < d.length; i++) {
      if (d[i].className == 'log') {
        flip(d[i]);
      }
    }
  }
}

// -->
</script>

</head>
<body>
<h2 align='center'>CRMTest</h2><table border='1' align="center">
<tr>
<td>Tests passed/Failed/Skipped:</td><td>16/2/0</td>
</tr><tr>
<td>Started on:</td><td>Wed Jul 03 17:26:13 EDT 2024</td>
</tr>
<tr><td>Total time:</td><td>628 seconds (628090 ms)</td>
</tr><tr>
<td>Included groups:</td><td></td>
</tr><tr>
<td>Excluded groups:</td><td></td>
</tr>
</table><p/>
<small><i>(Hover the method name to see the test class name)</i></small><p/>
<table width='100%' border='1' class='invocation-failed'>
<tr><td colspan='4' align='center'><b>FAILED TESTS</b></td></tr>
<tr><td><b>Test method</b></td>
<td><b>Attribute(s)</b></td>
<td width="30%"><b>Exception</b></td>
<td width="10%"><b>Time (seconds)</b></td>
<td><b>Instance</b></td>
</tr>
<tr>
<td title='com.CRM.qa.testcases.LoginPageTest.pageTitletest()'><b>pageTitletest</b><br>Test class: com.CRM.qa.testcases.LoginPageTest</td>
<td><div><pre>java.lang.AssertionError: expected [ CRM] but found [Cogmento CRM]
	at com.CRM.qa.testcases.LoginPageTest.pageTitletest(LoginPageTest.java:37)
	at java.base/java.util.ArrayList.forEach(ArrayList.java:1511)
... Removed 33 stack frames</pre></div><a href='#' onClick='toggleBox("stack-trace1955502880", this, "Click to show all stack frames", "Click to hide stack frames")'>Click to show all stack frames</a>
<div class='stack-trace' id='stack-trace1955502880'><pre>java.lang.AssertionError: expected [ CRM] but found [Cogmento CRM]
	at org.testng.Assert.fail(Assert.java:111)
	at org.testng.Assert.failNotEquals(Assert.java:1578)
	at org.testng.Assert.assertEqualsImpl(Assert.java:150)
	at org.testng.Assert.assertEquals(Assert.java:132)
	at org.testng.Assert.assertEquals(Assert.java:656)
	at org.testng.Assert.assertEquals(Assert.java:666)
	at com.CRM.qa.testcases.LoginPageTest.pageTitletest(LoginPageTest.java:37)
	at java.base/jdk.internal.reflect.NativeMethodAccessorImpl.invoke0(Native Method)
	at java.base/jdk.internal.reflect.NativeMethodAccessorImpl.invoke(NativeMethodAccessorImpl.java:77)
	at java.base/jdk.internal.reflect.DelegatingMethodAccessorImpl.invoke(DelegatingMethodAccessorImpl.java:43)
	at java.base/java.lang.reflect.Method.invoke(Method.java:568)
	at org.testng.internal.invokers.MethodInvocationHelper.invokeMethod(MethodInvocationHelper.java:141)
	at org.testng.internal.invokers.TestInvoker.invokeMethod(TestInvoker.java:686)
	at org.testng.internal.invokers.TestInvoker.invokeTestMethod(TestInvoker.java:230)
	at org.testng.internal.invokers.MethodRunner.runInSequence(MethodRunner.java:63)
	at org.testng.internal.invokers.TestInvoker$MethodInvocationAgent.invoke(TestInvoker.java:992)
	at org.testng.internal.invokers.TestInvoker.invokeTestMethods(TestInvoker.java:203)
	at org.testng.internal.invokers.TestMethodWorker.invokeTestMethods(TestMethodWorker.java:154)
	at org.testng.internal.invokers.TestMethodWorker.run(TestMethodWorker.java:134)
	at java.base/java.util.ArrayList.forEach(ArrayList.java:1511)
	at org.testng.TestRunner.privateRun(TestRunner.java:739)
	at org.testng.TestRunner.run(TestRunner.java:614)
	at org.testng.SuiteRunner.runTest(SuiteRunner.java:421)
	at org.testng.SuiteRunner.runSequentially(SuiteRunner.java:413)
	at org.testng.SuiteRunner.privateRun(SuiteRunner.java:373)
	at org.testng.SuiteRunner.run(SuiteRunner.java:312)
	at org.testng.SuiteRunnerWorker.runSuite(SuiteRunnerWorker.java:52)
	at org.testng.SuiteRunnerWorker.run(SuiteRunnerWorker.java:95)
	at org.testng.TestNG.runSuitesSequentially(TestNG.java:1274)
	at org.testng.TestNG.runSuitesLocally(TestNG.java:1208)
	at org.testng.TestNG.runSuites(TestNG.java:1112)
	at org.testng.TestNG.run(TestNG.java:1079)
	at org.testng.remote.AbstractRemoteTestNG.run(AbstractRemoteTestNG.java:115)
	at org.testng.remote.RemoteTestNG.initAndRun(RemoteTestNG.java:293)
	at org.testng.remote.RemoteTestNG.main(RemoteTestNG.java:91)
</pre></div></td>
<td>0</td>
<td>com.CRM.qa.testcases.LoginPageTest@17f62e33</td></tr>
<tr>
<td title='com.CRM.qa.testcases.CRMPageTest.pageTitleTest()'><b>pageTitleTest</b><br>Test class: com.CRM.qa.testcases.CRMPageTest</td>
<td><div><pre>java.lang.AssertionError: expected [#1 Free CRM Power Up your Entire Business Free Forever] but found [#1 Free CRM Power Up your Entire Business Free Forever customer relationship management]
	at com.CRM.qa.testcases.CRMPageTest.pageTitleTest(CRMPageTest.java:33)
	at java.base/java.util.ArrayList.forEach(ArrayList.java:1511)
... Removed 33 stack frames</pre></div><a href='#' onClick='toggleBox("stack-trace2089636626", this, "Click to show all stack frames", "Click to hide stack frames")'>Click to show all stack frames</a>
<div class='stack-trace' id='stack-trace2089636626'><pre>java.lang.AssertionError: expected [#1 Free CRM Power Up your Entire Business Free Forever] but found [#1 Free CRM Power Up your Entire Business Free Forever customer relationship management]
	at org.testng.Assert.fail(Assert.java:111)
	at org.testng.Assert.failNotEquals(Assert.java:1578)
	at org.testng.Assert.assertEqualsImpl(Assert.java:150)
	at org.testng.Assert.assertEquals(Assert.java:132)
	at org.testng.Assert.assertEquals(Assert.java:656)
	at org.testng.Assert.assertEquals(Assert.java:666)
	at com.CRM.qa.testcases.CRMPageTest.pageTitleTest(CRMPageTest.java:33)
	at java.base/jdk.internal.reflect.NativeMethodAccessorImpl.invoke0(Native Method)
	at java.base/jdk.internal.reflect.NativeMethodAccessorImpl.invoke(NativeMethodAccessorImpl.java:77)
	at java.base/jdk.internal.reflect.DelegatingMethodAccessorImpl.invoke(DelegatingMethodAccessorImpl.java:43)
	at java.base/java.lang.reflect.Method.invoke(Method.java:568)
	at org.testng.internal.invokers.MethodInvocationHelper.invokeMethod(MethodInvocationHelper.java:141)
	at org.testng.internal.invokers.TestInvoker.invokeMethod(TestInvoker.java:686)
	at org.testng.internal.invokers.TestInvoker.invokeTestMethod(TestInvoker.java:230)
	at org.testng.internal.invokers.MethodRunner.runInSequence(MethodRunner.java:63)
	at org.testng.internal.invokers.TestInvoker$MethodInvocationAgent.invoke(TestInvoker.java:992)
	at org.testng.internal.invokers.TestInvoker.invokeTestMethods(TestInvoker.java:203)
	at org.testng.internal.invokers.TestMethodWorker.invokeTestMethods(TestMethodWorker.java:154)
	at org.testng.internal.invokers.TestMethodWorker.run(TestMethodWorker.java:134)
	at java.base/java.util.ArrayList.forEach(ArrayList.java:1511)
	at org.testng.TestRunner.privateRun(TestRunner.java:739)
	at org.testng.TestRunner.run(TestRunner.java:614)
	at org.testng.SuiteRunner.runTest(SuiteRunner.java:421)
	at org.testng.SuiteRunner.runSequentially(SuiteRunner.java:413)
	at org.testng.SuiteRunner.privateRun(SuiteRunner.java:373)
	at org.testng.SuiteRunner.run(SuiteRunner.java:312)
	at org.testng.SuiteRunnerWorker.runSuite(SuiteRunnerWorker.java:52)
	at org.testng.SuiteRunnerWorker.run(SuiteRunnerWorker.java:95)
	at org.testng.TestNG.runSuitesSequentially(TestNG.java:1274)
	at org.testng.TestNG.runSuitesLocally(TestNG.java:1208)
	at org.testng.TestNG.runSuites(TestNG.java:1112)
	at org.testng.TestNG.run(TestNG.java:1079)
	at org.testng.remote.AbstractRemoteTestNG.run(AbstractRemoteTestNG.java:115)
	at org.testng.remote.RemoteTestNG.initAndRun(RemoteTestNG.java:293)
	at org.testng.remote.RemoteTestNG.main(RemoteTestNG.java:91)
</pre></div></td>
<td>0</td>
<td>com.CRM.qa.testcases.CRMPageTest@cc43f62</td></tr>
</table><p>
<table width='100%' border='1' class='invocation-passed'>
<tr><td colspan='4' align='center'><b>PASSED TESTS</b></td></tr>
<tr><td><b>Test method</b></td>
<td><b>Attribute(s)</b></td>
<td width="30%"><b>Exception</b></td>
<td width="10%"><b>Time (seconds)</b></td>
<td><b>Instance</b></td>
</tr>
<tr>
<td title='com.CRM.qa.testcases.HomePagetest.pageTitleTest()'><b>pageTitleTest</b><br>Test class: com.CRM.qa.testcases.HomePagetest</td>
<td></td>
<td>0</td>
<td>com.CRM.qa.testcases.HomePagetest@5b218417</td></tr>
<tr>
<td title='com.CRM.qa.testcases.ContactsPageTest.pageTitleTest()'><b>pageTitleTest</b><br>Test class: com.CRM.qa.testcases.ContactsPageTest</td>
<td></td>
<td>0</td>
<td>com.CRM.qa.testcases.ContactsPageTest@645aa696</td></tr>
<tr>
<td title='com.CRM.qa.testcases.SignupPageTest.openLoginPageTest()'><b>openLoginPageTest</b><br>Test class: com.CRM.qa.testcases.SignupPageTest</td>
<td></td>
<td>1</td>
<td>com.CRM.qa.testcases.SignupPageTest@6caf0677</td></tr>
<tr>
<td title='com.CRM.qa.testcases.ContactsPageTest.validateCreateNewContact()'><b>validateCreateNewContact</b><br>Test class: com.CRM.qa.testcases.ContactsPageTest<br>Parameters: Jeel, Shah, Medical, Physio</td>
<td></td>
<td>0</td>
<td>com.CRM.qa.testcases.ContactsPageTest@645aa696</td></tr>
<tr>
<td title='com.CRM.qa.testcases.HomePagetest.accountUserVerificationtest()'><b>accountUserVerificationtest</b><br>Test class: com.CRM.qa.testcases.HomePagetest</td>
<td></td>
<td>0</td>
<td>com.CRM.qa.testcases.HomePagetest@5b218417</td></tr>
<tr>
<td title='com.CRM.qa.testcases.ContactsPageTest.createbuttonPresenceTest()'><b>createbuttonPresenceTest</b><br>Test class: com.CRM.qa.testcases.ContactsPageTest</td>
<td></td>
<td>0</td>
<td>com.CRM.qa.testcases.ContactsPageTest@645aa696</td></tr>
<tr>
<td title='com.CRM.qa.testcases.ContactsPageTest.validateCreateNewContact()'><b>validateCreateNewContact</b><br>Test class: com.CRM.qa.testcases.ContactsPageTest<br>Parameters: John, Cena, Gym, Fighter</td>
<td></td>
<td>0</td>
<td>com.CRM.qa.testcases.ContactsPageTest@645aa696</td></tr>
<tr>
<td title='com.CRM.qa.testcases.ContactsPageTest.validateCreateNewContact()'><b>validateCreateNewContact</b><br>Test class: com.CRM.qa.testcases.ContactsPageTest<br>Parameters: Jinal, Patel, Support, advisor</td>
<td></td>
<td>0</td>
<td>com.CRM.qa.testcases.ContactsPageTest@645aa696</td></tr>
<tr>
<td title='com.CRM.qa.testcases.CRMPageTest.openLoginPageTest()'><b>openLoginPageTest</b><br>Test class: com.CRM.qa.testcases.CRMPageTest</td>
<td></td>
<td>1</td>
<td>com.CRM.qa.testcases.CRMPageTest@cc43f62</td></tr>
<tr>
<td title='com.CRM.qa.testcases.ContactsPageTest.validateCreateNewContact()'><b>validateCreateNewContact</b><br>Test class: com.CRM.qa.testcases.ContactsPageTest<br>Parameters: Bablu, Gajra, Rest, Gay</td>
<td></td>
<td>0</td>
<td>com.CRM.qa.testcases.ContactsPageTest@645aa696</td></tr>
<tr>
<td title='com.CRM.qa.testcases.CRMPageTest.imgTest()'><b>imgTest</b><br>Test class: com.CRM.qa.testcases.CRMPageTest</td>
<td></td>
<td>0</td>
<td>com.CRM.qa.testcases.CRMPageTest@cc43f62</td></tr>
<tr>
<td title='com.CRM.qa.testcases.ContactsPageTest.checkNoOfContcts()'><b>checkNoOfContcts</b><br>Test class: com.CRM.qa.testcases.ContactsPageTest</td>
<td></td>
<td>0</td>
<td>com.CRM.qa.testcases.ContactsPageTest@645aa696</td></tr>
<tr>
<td title='com.CRM.qa.testcases.ContactsPageTest.validateCreateNewContact()'><b>validateCreateNewContact</b><br>Test class: com.CRM.qa.testcases.ContactsPageTest<br>Parameters: Jhanvi, Panchal, Medical, Doctor</td>
<td></td>
<td>0</td>
<td>com.CRM.qa.testcases.ContactsPageTest@645aa696</td></tr>
<tr>
<td title='com.CRM.qa.testcases.HomePagetest.openContactsPageTest()'><b>openContactsPageTest</b><br>Test class: com.CRM.qa.testcases.HomePagetest</td>
<td></td>
<td>0</td>
<td>com.CRM.qa.testcases.HomePagetest@5b218417</td></tr>
<tr>
<td title='com.CRM.qa.testcases.CRMPageTest.openSignupPageTest()'><b>openSignupPageTest</b><br>Test class: com.CRM.qa.testcases.CRMPageTest</td>
<td></td>
<td>1</td>
<td>com.CRM.qa.testcases.CRMPageTest@cc43f62</td></tr>
<tr>
<td title='com.CRM.qa.testcases.SignupPageTest.pageTitleTest()'><b>pageTitleTest</b><br>Test class: com.CRM.qa.testcases.SignupPageTest</td>
<td></td>
<td>0</td>
<td>com.CRM.qa.testcases.SignupPageTest@6caf0677</td></tr>
</table><p>
</body>
</html>