<?xml version="1.0" encoding="UTF-8"?>
<testng-results ignored="0" total="15" passed="13" failed="2" skipped="0">
  <reporter-output>
  </reporter-output>
  <suite started-at="2024-07-08T09:20:43 EDT" name="Surefire suite" finished-at="2024-07-08T09:23:09 EDT" duration-ms="145763">
    <groups>
    </groups>
    <test started-at="2024-07-08T09:20:43 EDT" name="Surefire test" finished-at="2024-07-08T09:23:09 EDT" duration-ms="145763">
      <class name="com.CRM.qa.testcases.CRMPageTest">
        <test-method is-config="true" signature="setup()[pri:0, instance:com.CRM.qa.testcases.CRMPageTest@34f7cfd9]" started-at="2024-07-08T09:22:10 EDT" name="setup" finished-at="2024-07-08T09:22:16 EDT" duration-ms="5683" status="PASS">
          <reporter-output>
          </reporter-output>
        </test-method> <!-- setup -->
        <test-method signature="imgTest()[pri:0, instance:com.CRM.qa.testcases.CRMPageTest@34f7cfd9]" started-at="2024-07-08T09:22:16 EDT" name="imgTest" finished-at="2024-07-08T09:22:16 EDT" duration-ms="71" status="PASS">
          <reporter-output>
          </reporter-output>
        </test-method> <!-- imgTest -->
        <test-method is-config="true" signature="teardown()[pri:0, instance:com.CRM.qa.testcases.CRMPageTest@34f7cfd9]" started-at="2024-07-08T09:22:16 EDT" name="teardown" finished-at="2024-07-08T09:22:17 EDT" duration-ms="1082" status="PASS">
          <reporter-output>
          </reporter-output>
        </test-method> <!-- teardown -->
        <test-method is-config="true" signature="setup()[pri:0, instance:com.CRM.qa.testcases.CRMPageTest@34f7cfd9]" started-at="2024-07-08T09:22:17 EDT" name="setup" finished-at="2024-07-08T09:22:23 EDT" duration-ms="5563" status="PASS">
          <reporter-output>
          </reporter-output>
        </test-method> <!-- setup -->
        <test-method signature="openLoginPageTest()[pri:0, instance:com.CRM.qa.testcases.CRMPageTest@34f7cfd9]" started-at="2024-07-08T09:22:23 EDT" name="openLoginPageTest" finished-at="2024-07-08T09:22:24 EDT" duration-ms="1720" status="PASS">
          <reporter-output>
          </reporter-output>
        </test-method> <!-- openLoginPageTest -->
        <test-method is-config="true" signature="teardown()[pri:0, instance:com.CRM.qa.testcases.CRMPageTest@34f7cfd9]" started-at="2024-07-08T09:22:24 EDT" name="teardown" finished-at="2024-07-08T09:22:25 EDT" duration-ms="946" status="PASS">
          <reporter-output>
          </reporter-output>
        </test-method> <!-- teardown -->
        <test-method is-config="true" signature="setup()[pri:0, instance:com.CRM.qa.testcases.CRMPageTest@34f7cfd9]" started-at="2024-07-08T09:22:25 EDT" name="setup" finished-at="2024-07-08T09:22:32 EDT" duration-ms="6341" status="PASS">
          <reporter-output>
          </reporter-output>
        </test-method> <!-- setup -->
        <test-method signature="openSignupPageTest()[pri:0, instance:com.CRM.qa.testcases.CRMPageTest@34f7cfd9]" started-at="2024-07-08T09:22:32 EDT" name="openSignupPageTest" finished-at="2024-07-08T09:22:33 EDT" duration-ms="1016" status="PASS">
          <reporter-output>
          </reporter-output>
        </test-method> <!-- openSignupPageTest -->
        <test-method is-config="true" signature="teardown()[pri:0, instance:com.CRM.qa.testcases.CRMPageTest@34f7cfd9]" started-at="2024-07-08T09:22:33 EDT" name="teardown" finished-at="2024-07-08T09:22:34 EDT" duration-ms="1117" status="PASS">
          <reporter-output>
          </reporter-output>
        </test-method> <!-- teardown -->
        <test-method is-config="true" signature="setup()[pri:0, instance:com.CRM.qa.testcases.CRMPageTest@34f7cfd9]" started-at="2024-07-08T09:22:34 EDT" name="setup" finished-at="2024-07-08T09:22:41 EDT" duration-ms="7107" status="PASS">
          <reporter-output>
          </reporter-output>
        </test-method> <!-- setup -->
        <test-method signature="pageTitleTest()[pri:0, instance:com.CRM.qa.testcases.CRMPageTest@34f7cfd9]" started-at="2024-07-08T09:22:41 EDT" name="pageTitleTest" finished-at="2024-07-08T09:22:41 EDT" duration-ms="27" status="FAIL">
          <exception class="java.lang.AssertionError">
            <message>
              <![CDATA[expected [#1 Free CRM Power Up your Entire Business Free Forever] but found [#1 Free CRM Power Up your Entire Business Free Forever customer relationship management]]]>
            </message>
            <full-stacktrace>
              <![CDATA[java.lang.AssertionError: expected [#1 Free CRM Power Up your Entire Business Free Forever] but found [#1 Free CRM Power Up your Entire Business Free Forever customer relationship management]
at org.testng.Assert.fail(Assert.java:111)
at org.testng.Assert.failNotEquals(Assert.java:1578)
at org.testng.Assert.assertEqualsImpl(Assert.java:150)
at org.testng.Assert.assertEquals(Assert.java:132)
at org.testng.Assert.assertEquals(Assert.java:656)
at org.testng.Assert.assertEquals(Assert.java:666)
at com.CRM.qa.testcases.CRMPageTest.pageTitleTest(CRMPageTest.java:33)
at java.base/jdk.internal.reflect.NativeMethodAccessorImpl.invoke0(Native Method)
at java.base/jdk.internal.reflect.NativeMethodAccessorImpl.invoke(NativeMethodAccessorImpl.java:62)
at java.base/jdk.internal.reflect.DelegatingMethodAccessorImpl.invoke(DelegatingMethodAccessorImpl.java:43)
at java.base/java.lang.reflect.Method.invoke(Method.java:566)
at org.testng.internal.invokers.MethodInvocationHelper.invokeMethod(MethodInvocationHelper.java:141)
at org.testng.internal.invokers.TestInvoker.invokeMethod(TestInvoker.java:686)
at org.testng.internal.invokers.TestInvoker.invokeTestMethod(TestInvoker.java:230)
at org.testng.internal.invokers.MethodRunner.runInSequence(MethodRunner.java:63)
at org.testng.internal.invokers.TestInvoker$MethodInvocationAgent.invoke(TestInvoker.java:992)
at org.testng.internal.invokers.TestInvoker.invokeTestMethods(TestInvoker.java:203)
at org.testng.internal.invokers.TestMethodWorker.invokeTestMethods(TestMethodWorker.java:154)
at org.testng.internal.invokers.TestMethodWorker.run(TestMethodWorker.java:134)
at java.base/java.util.ArrayList.forEach(ArrayList.java:1541)
at org.testng.TestRunner.privateRun(TestRunner.java:739)
at org.testng.TestRunner.run(TestRunner.java:614)
at org.testng.SuiteRunner.runTest(SuiteRunner.java:421)
at org.testng.SuiteRunner.runSequentially(SuiteRunner.java:413)
at org.testng.SuiteRunner.privateRun(SuiteRunner.java:373)
at org.testng.SuiteRunner.run(SuiteRunner.java:312)
at org.testng.SuiteRunnerWorker.runSuite(SuiteRunnerWorker.java:52)
at org.testng.SuiteRunnerWorker.run(SuiteRunnerWorker.java:95)
at org.testng.TestNG.runSuitesSequentially(TestNG.java:1274)
at org.testng.TestNG.runSuitesLocally(TestNG.java:1208)
at org.testng.TestNG.runSuites(TestNG.java:1112)
at org.testng.TestNG.run(TestNG.java:1079)
at org.apache.maven.surefire.testng.TestNGExecutor.run(TestNGExecutor.java:135)
at org.apache.maven.surefire.testng.TestNGDirectoryTestSuite.executeMulti(TestNGDirectoryTestSuite.java:193)
at org.apache.maven.surefire.testng.TestNGDirectoryTestSuite.execute(TestNGDirectoryTestSuite.java:94)
at org.apache.maven.surefire.testng.TestNGProvider.invoke(TestNGProvider.java:146)
at org.apache.maven.surefire.booter.ForkedBooter.invokeProviderInSameClassLoader(ForkedBooter.java:384)
at org.apache.maven.surefire.booter.ForkedBooter.runSuitesInProcess(ForkedBooter.java:345)
at org.apache.maven.surefire.booter.ForkedBooter.execute(ForkedBooter.java:126)
at org.apache.maven.surefire.booter.ForkedBooter.main(ForkedBooter.java:418)
]]>
            </full-stacktrace>
          </exception> <!-- java.lang.AssertionError -->
          <reporter-output>
          </reporter-output>
        </test-method> <!-- pageTitleTest -->
        <test-method is-config="true" signature="teardown()[pri:0, instance:com.CRM.qa.testcases.CRMPageTest@34f7cfd9]" started-at="2024-07-08T09:22:41 EDT" name="teardown" finished-at="2024-07-08T09:22:42 EDT" duration-ms="1221" status="PASS">
          <reporter-output>
          </reporter-output>
        </test-method> <!-- teardown -->
      </class> <!-- com.CRM.qa.testcases.CRMPageTest -->
      <class name="com.CRM.qa.testcases.ContactsPageTest">
        <test-method is-config="true" signature="setup()[pri:0, instance:com.CRM.qa.testcases.ContactsPageTest@1356d4d4]" started-at="2024-07-08T09:20:43 EDT" name="setup" finished-at="2024-07-08T09:20:55 EDT" duration-ms="11749" status="PASS">
          <reporter-output>
          </reporter-output>
        </test-method> <!-- setup -->
        <test-method signature="checkNoOfContcts()[pri:0, instance:com.CRM.qa.testcases.ContactsPageTest@1356d4d4]" started-at="2024-07-08T09:20:55 EDT" name="checkNoOfContcts" finished-at="2024-07-08T09:20:55 EDT" duration-ms="13" status="PASS">
          <reporter-output>
          </reporter-output>
        </test-method> <!-- checkNoOfContcts -->
        <test-method is-config="true" signature="teardown()[pri:0, instance:com.CRM.qa.testcases.ContactsPageTest@1356d4d4]" started-at="2024-07-08T09:20:55 EDT" name="teardown" finished-at="2024-07-08T09:20:56 EDT" duration-ms="1060" status="PASS">
          <reporter-output>
          </reporter-output>
        </test-method> <!-- teardown -->
        <test-method is-config="true" signature="setup()[pri:0, instance:com.CRM.qa.testcases.ContactsPageTest@1356d4d4]" started-at="2024-07-08T09:20:56 EDT" name="setup" finished-at="2024-07-08T09:21:06 EDT" duration-ms="9304" status="PASS">
          <reporter-output>
          </reporter-output>
        </test-method> <!-- setup -->
        <test-method signature="createbuttonPresenceTest()[pri:0, instance:com.CRM.qa.testcases.ContactsPageTest@1356d4d4]" started-at="2024-07-08T09:21:06 EDT" name="createbuttonPresenceTest" finished-at="2024-07-08T09:21:06 EDT" duration-ms="30" status="PASS">
          <reporter-output>
          </reporter-output>
        </test-method> <!-- createbuttonPresenceTest -->
        <test-method is-config="true" signature="teardown()[pri:0, instance:com.CRM.qa.testcases.ContactsPageTest@1356d4d4]" started-at="2024-07-08T09:21:06 EDT" name="teardown" finished-at="2024-07-08T09:21:06 EDT" duration-ms="724" status="PASS">
          <reporter-output>
          </reporter-output>
        </test-method> <!-- teardown -->
        <test-method is-config="true" signature="setup()[pri:0, instance:com.CRM.qa.testcases.ContactsPageTest@1356d4d4]" started-at="2024-07-08T09:21:06 EDT" name="setup" finished-at="2024-07-08T09:21:15 EDT" duration-ms="8696" status="PASS">
          <reporter-output>
          </reporter-output>
        </test-method> <!-- setup -->
        <test-method signature="pageTitleTest()[pri:0, instance:com.CRM.qa.testcases.ContactsPageTest@1356d4d4]" started-at="2024-07-08T09:21:15 EDT" name="pageTitleTest" finished-at="2024-07-08T09:21:15 EDT" duration-ms="19" status="PASS">
          <reporter-output>
          </reporter-output>
        </test-method> <!-- pageTitleTest -->
        <test-method is-config="true" signature="teardown()[pri:0, instance:com.CRM.qa.testcases.ContactsPageTest@1356d4d4]" started-at="2024-07-08T09:21:15 EDT" name="teardown" finished-at="2024-07-08T09:21:16 EDT" duration-ms="802" status="PASS">
          <reporter-output>
          </reporter-output>
        </test-method> <!-- teardown -->
        <test-method is-config="true" signature="setup()[pri:0, instance:com.CRM.qa.testcases.ContactsPageTest@1356d4d4]" started-at="2024-07-08T09:21:17 EDT" name="setup" finished-at="2024-07-08T09:21:25 EDT" duration-ms="8983" status="PASS">
          <reporter-output>
          </reporter-output>
        </test-method> <!-- setup -->
        <test-method signature="validateCreateNewContact(java.lang.String,java.lang.String,java.lang.String,java.lang.String)[pri:0, instance:com.CRM.qa.testcases.ContactsPageTest@1356d4d4]" started-at="2024-07-08T09:21:25 EDT" name="validateCreateNewContact" data-provider="getTestData" finished-at="2024-07-08T09:21:26 EDT" duration-ms="944" status="PASS">
          <params>
            <param index="0">
              <value>
                <![CDATA[Jhanvi]]>
              </value>
            </param>
            <param index="1">
              <value>
                <![CDATA[Panchal]]>
              </value>
            </param>
            <param index="2">
              <value>
                <![CDATA[Medical]]>
              </value>
            </param>
            <param index="3">
              <value>
                <![CDATA[Doctor]]>
              </value>
            </param>
          </params>
          <reporter-output>
          </reporter-output>
        </test-method> <!-- validateCreateNewContact -->
        <test-method is-config="true" signature="teardown()[pri:0, instance:com.CRM.qa.testcases.ContactsPageTest@1356d4d4]" started-at="2024-07-08T09:21:26 EDT" name="teardown" finished-at="2024-07-08T09:21:27 EDT" duration-ms="920" status="PASS">
          <reporter-output>
          </reporter-output>
        </test-method> <!-- teardown -->
        <test-method is-config="true" signature="setup()[pri:0, instance:com.CRM.qa.testcases.ContactsPageTest@1356d4d4]" started-at="2024-07-08T09:21:27 EDT" name="setup" finished-at="2024-07-08T09:21:36 EDT" duration-ms="8931" status="PASS">
          <reporter-output>
          </reporter-output>
        </test-method> <!-- setup -->
        <test-method signature="validateCreateNewContact(java.lang.String,java.lang.String,java.lang.String,java.lang.String)[pri:0, instance:com.CRM.qa.testcases.ContactsPageTest@1356d4d4]" started-at="2024-07-08T09:21:36 EDT" name="validateCreateNewContact" data-provider="getTestData" finished-at="2024-07-08T09:21:37 EDT" duration-ms="926" status="PASS">
          <params>
            <param index="0">
              <value>
                <![CDATA[Jinal]]>
              </value>
            </param>
            <param index="1">
              <value>
                <![CDATA[Patel]]>
              </value>
            </param>
            <param index="2">
              <value>
                <![CDATA[Support]]>
              </value>
            </param>
            <param index="3">
              <value>
                <![CDATA[advisor]]>
              </value>
            </param>
          </params>
          <reporter-output>
          </reporter-output>
        </test-method> <!-- validateCreateNewContact -->
        <test-method is-config="true" signature="teardown()[pri:0, instance:com.CRM.qa.testcases.ContactsPageTest@1356d4d4]" started-at="2024-07-08T09:21:37 EDT" name="teardown" finished-at="2024-07-08T09:21:38 EDT" duration-ms="799" status="PASS">
          <reporter-output>
          </reporter-output>
        </test-method> <!-- teardown -->
        <test-method is-config="true" signature="setup()[pri:0, instance:com.CRM.qa.testcases.ContactsPageTest@1356d4d4]" started-at="2024-07-08T09:21:38 EDT" name="setup" finished-at="2024-07-08T09:21:47 EDT" duration-ms="9340" status="PASS">
          <reporter-output>
          </reporter-output>
        </test-method> <!-- setup -->
        <test-method signature="validateCreateNewContact(java.lang.String,java.lang.String,java.lang.String,java.lang.String)[pri:0, instance:com.CRM.qa.testcases.ContactsPageTest@1356d4d4]" started-at="2024-07-08T09:21:47 EDT" name="validateCreateNewContact" data-provider="getTestData" finished-at="2024-07-08T09:21:48 EDT" duration-ms="907" status="PASS">
          <params>
            <param index="0">
              <value>
                <![CDATA[Jeel]]>
              </value>
            </param>
            <param index="1">
              <value>
                <![CDATA[Shah]]>
              </value>
            </param>
            <param index="2">
              <value>
                <![CDATA[Medical]]>
              </value>
            </param>
            <param index="3">
              <value>
                <![CDATA[Physio]]>
              </value>
            </param>
          </params>
          <reporter-output>
          </reporter-output>
        </test-method> <!-- validateCreateNewContact -->
        <test-method is-config="true" signature="teardown()[pri:0, instance:com.CRM.qa.testcases.ContactsPageTest@1356d4d4]" started-at="2024-07-08T09:21:48 EDT" name="teardown" finished-at="2024-07-08T09:21:49 EDT" duration-ms="756" status="PASS">
          <reporter-output>
          </reporter-output>
        </test-method> <!-- teardown -->
        <test-method is-config="true" signature="setup()[pri:0, instance:com.CRM.qa.testcases.ContactsPageTest@1356d4d4]" started-at="2024-07-08T09:21:49 EDT" name="setup" finished-at="2024-07-08T09:21:58 EDT" duration-ms="9076" status="PASS">
          <reporter-output>
          </reporter-output>
        </test-method> <!-- setup -->
        <test-method signature="validateCreateNewContact(java.lang.String,java.lang.String,java.lang.String,java.lang.String)[pri:0, instance:com.CRM.qa.testcases.ContactsPageTest@1356d4d4]" started-at="2024-07-08T09:21:58 EDT" name="validateCreateNewContact" data-provider="getTestData" finished-at="2024-07-08T09:21:59 EDT" duration-ms="932" status="PASS">
          <params>
            <param index="0">
              <value>
                <![CDATA[John]]>
              </value>
            </param>
            <param index="1">
              <value>
                <![CDATA[Cena]]>
              </value>
            </param>
            <param index="2">
              <value>
                <![CDATA[Gym]]>
              </value>
            </param>
            <param index="3">
              <value>
                <![CDATA[Fighter]]>
              </value>
            </param>
          </params>
          <reporter-output>
          </reporter-output>
        </test-method> <!-- validateCreateNewContact -->
        <test-method is-config="true" signature="teardown()[pri:0, instance:com.CRM.qa.testcases.ContactsPageTest@1356d4d4]" started-at="2024-07-08T09:21:59 EDT" name="teardown" finished-at="2024-07-08T09:22:00 EDT" duration-ms="778" status="PASS">
          <reporter-output>
          </reporter-output>
        </test-method> <!-- teardown -->
        <test-method is-config="true" signature="setup()[pri:0, instance:com.CRM.qa.testcases.ContactsPageTest@1356d4d4]" started-at="2024-07-08T09:22:00 EDT" name="setup" finished-at="2024-07-08T09:22:09 EDT" duration-ms="8872" status="PASS">
          <reporter-output>
          </reporter-output>
        </test-method> <!-- setup -->
        <test-method signature="validateCreateNewContact(java.lang.String,java.lang.String,java.lang.String,java.lang.String)[pri:0, instance:com.CRM.qa.testcases.ContactsPageTest@1356d4d4]" started-at="2024-07-08T09:22:09 EDT" name="validateCreateNewContact" data-provider="getTestData" finished-at="2024-07-08T09:22:10 EDT" duration-ms="851" status="PASS">
          <params>
            <param index="0">
              <value>
                <![CDATA[Bablu]]>
              </value>
            </param>
            <param index="1">
              <value>
                <![CDATA[Gajra]]>
              </value>
            </param>
            <param index="2">
              <value>
                <![CDATA[Rest]]>
              </value>
            </param>
            <param index="3">
              <value>
                <![CDATA[Gay]]>
              </value>
            </param>
          </params>
          <reporter-output>
          </reporter-output>
        </test-method> <!-- validateCreateNewContact -->
        <test-method is-config="true" signature="teardown()[pri:0, instance:com.CRM.qa.testcases.ContactsPageTest@1356d4d4]" started-at="2024-07-08T09:22:10 EDT" name="teardown" finished-at="2024-07-08T09:22:10 EDT" duration-ms="816" status="PASS">
          <reporter-output>
          </reporter-output>
        </test-method> <!-- teardown -->
      </class> <!-- com.CRM.qa.testcases.ContactsPageTest -->
      <class name="com.CRM.qa.testcases.LoginPageTest">
        <test-method is-config="true" signature="setup()[pri:0, instance:com.CRM.qa.testcases.LoginPageTest@65f095f8]" started-at="2024-07-08T09:22:42 EDT" name="setup" finished-at="2024-07-08T09:22:50 EDT" duration-ms="8042" status="PASS">
          <reporter-output>
          </reporter-output>
        </test-method> <!-- setup -->
        <test-method signature="pageTitletest()[pri:1, instance:com.CRM.qa.testcases.LoginPageTest@65f095f8]" started-at="2024-07-08T09:22:50 EDT" name="pageTitletest" finished-at="2024-07-08T09:22:50 EDT" duration-ms="3" status="FAIL">
          <exception class="java.lang.AssertionError">
            <message>
              <![CDATA[expected [ CRM] but found [Cogmento CRM]]]>
            </message>
            <full-stacktrace>
              <![CDATA[java.lang.AssertionError: expected [ CRM] but found [Cogmento CRM]
at org.testng.Assert.fail(Assert.java:111)
at org.testng.Assert.failNotEquals(Assert.java:1578)
at org.testng.Assert.assertEqualsImpl(Assert.java:150)
at org.testng.Assert.assertEquals(Assert.java:132)
at org.testng.Assert.assertEquals(Assert.java:656)
at org.testng.Assert.assertEquals(Assert.java:666)
at com.CRM.qa.testcases.LoginPageTest.pageTitletest(LoginPageTest.java:37)
at java.base/jdk.internal.reflect.NativeMethodAccessorImpl.invoke0(Native Method)
at java.base/jdk.internal.reflect.NativeMethodAccessorImpl.invoke(NativeMethodAccessorImpl.java:62)
at java.base/jdk.internal.reflect.DelegatingMethodAccessorImpl.invoke(DelegatingMethodAccessorImpl.java:43)
at java.base/java.lang.reflect.Method.invoke(Method.java:566)
at org.testng.internal.invokers.MethodInvocationHelper.invokeMethod(MethodInvocationHelper.java:141)
at org.testng.internal.invokers.TestInvoker.invokeMethod(TestInvoker.java:686)
at org.testng.internal.invokers.TestInvoker.invokeTestMethod(TestInvoker.java:230)
at org.testng.internal.invokers.MethodRunner.runInSequence(MethodRunner.java:63)
at org.testng.internal.invokers.TestInvoker$MethodInvocationAgent.invoke(TestInvoker.java:992)
at org.testng.internal.invokers.TestInvoker.invokeTestMethods(TestInvoker.java:203)
at org.testng.internal.invokers.TestMethodWorker.invokeTestMethods(TestMethodWorker.java:154)
at org.testng.internal.invokers.TestMethodWorker.run(TestMethodWorker.java:134)
at java.base/java.util.ArrayList.forEach(ArrayList.java:1541)
at org.testng.TestRunner.privateRun(TestRunner.java:739)
at org.testng.TestRunner.run(TestRunner.java:614)
at org.testng.SuiteRunner.runTest(SuiteRunner.java:421)
at org.testng.SuiteRunner.runSequentially(SuiteRunner.java:413)
at org.testng.SuiteRunner.privateRun(SuiteRunner.java:373)
at org.testng.SuiteRunner.run(SuiteRunner.java:312)
at org.testng.SuiteRunnerWorker.runSuite(SuiteRunnerWorker.java:52)
at org.testng.SuiteRunnerWorker.run(SuiteRunnerWorker.java:95)
at org.testng.TestNG.runSuitesSequentially(TestNG.java:1274)
at org.testng.TestNG.runSuitesLocally(TestNG.java:1208)
at org.testng.TestNG.runSuites(TestNG.java:1112)
at org.testng.TestNG.run(TestNG.java:1079)
at org.apache.maven.surefire.testng.TestNGExecutor.run(TestNGExecutor.java:135)
at org.apache.maven.surefire.testng.TestNGDirectoryTestSuite.executeMulti(TestNGDirectoryTestSuite.java:193)
at org.apache.maven.surefire.testng.TestNGDirectoryTestSuite.execute(TestNGDirectoryTestSuite.java:94)
at org.apache.maven.surefire.testng.TestNGProvider.invoke(TestNGProvider.java:146)
at org.apache.maven.surefire.booter.ForkedBooter.invokeProviderInSameClassLoader(ForkedBooter.java:384)
at org.apache.maven.surefire.booter.ForkedBooter.runSuitesInProcess(ForkedBooter.java:345)
at org.apache.maven.surefire.booter.ForkedBooter.execute(ForkedBooter.java:126)
at org.apache.maven.surefire.booter.ForkedBooter.main(ForkedBooter.java:418)
]]>
            </full-stacktrace>
          </exception> <!-- java.lang.AssertionError -->
          <reporter-output>
          </reporter-output>
        </test-method> <!-- pageTitletest -->
        <test-method is-config="true" signature="teardown()[pri:0, instance:com.CRM.qa.testcases.LoginPageTest@65f095f8]" started-at="2024-07-08T09:22:50 EDT" name="teardown" finished-at="2024-07-08T09:22:51 EDT" duration-ms="979" status="PASS">
          <reporter-output>
          </reporter-output>
        </test-method> <!-- teardown -->
      </class> <!-- com.CRM.qa.testcases.LoginPageTest -->
      <class name="com.CRM.qa.testcases.SignupPageTest">
        <test-method is-config="true" signature="setup()[pri:0, instance:com.CRM.qa.testcases.SignupPageTest@59af0466]" started-at="2024-07-08T09:22:51 EDT" name="setup" finished-at="2024-07-08T09:22:59 EDT" duration-ms="7209" status="PASS">
          <reporter-output>
          </reporter-output>
        </test-method> <!-- setup -->
        <test-method signature="pageTitleTest()[pri:1, instance:com.CRM.qa.testcases.SignupPageTest@59af0466]" started-at="2024-07-08T09:22:59 EDT" name="pageTitleTest" finished-at="2024-07-08T09:22:59 EDT" duration-ms="3" status="PASS">
          <reporter-output>
          </reporter-output>
        </test-method> <!-- pageTitleTest -->
        <test-method is-config="true" signature="teardown()[pri:0, instance:com.CRM.qa.testcases.SignupPageTest@59af0466]" started-at="2024-07-08T09:22:59 EDT" name="teardown" finished-at="2024-07-08T09:22:59 EDT" duration-ms="799" status="PASS">
          <reporter-output>
          </reporter-output>
        </test-method> <!-- teardown -->
        <test-method is-config="true" signature="setup()[pri:0, instance:com.CRM.qa.testcases.SignupPageTest@59af0466]" started-at="2024-07-08T09:22:59 EDT" name="setup" finished-at="2024-07-08T09:23:07 EDT" duration-ms="7261" status="PASS">
          <reporter-output>
          </reporter-output>
        </test-method> <!-- setup -->
        <test-method signature="openLoginPageTest()[pri:2, instance:com.CRM.qa.testcases.SignupPageTest@59af0466]" started-at="2024-07-08T09:23:07 EDT" name="openLoginPageTest" finished-at="2024-07-08T09:23:08 EDT" duration-ms="1292" status="PASS">
          <reporter-output>
          </reporter-output>
        </test-method> <!-- openLoginPageTest -->
        <test-method is-config="true" signature="teardown()[pri:0, instance:com.CRM.qa.testcases.SignupPageTest@59af0466]" started-at="2024-07-08T09:23:08 EDT" name="teardown" finished-at="2024-07-08T09:23:09 EDT" duration-ms="1313" status="PASS">
          <reporter-output>
          </reporter-output>
        </test-method> <!-- teardown -->
      </class> <!-- com.CRM.qa.testcases.SignupPageTest -->
    </test> <!-- Surefire test -->
  </suite> <!-- Surefire suite -->
</testng-results>
